<?xml version="1.0" encoding="UTF-8"?>
<testsuite xmlns:xsi="http://www.w3.org/2001/XMLSchema-instance" xsi:noNamespaceSchemaLocation="https://maven.apache.org/surefire/maven-surefire-plugin/xsd/surefire-test-report-3.0.xsd" version="3.0" name="TestSuite" time="250.252" tests="10" errors="0" skipped="0" failures="1">
  <properties>
    <property name="sun.desktop" value="windows"/>
    <property name="awt.toolkit" value="sun.awt.windows.WToolkit"/>
    <property name="java.specification.version" value="11"/>
    <property name="file.encoding.pkg" value="sun.io"/>
    <property name="jdk.extensions.version" value="11.0.11.0"/>
    <property name="webdriver.chrome.driver" value="C:\Users\Shubham Pandey\eclipse-workspace\CompreHybrid./driver/chromedriver.exe"/>
    <property name="sun.jnu.encoding" value="Cp1252"/>
    <property name="java.class.path" value="C:\Users\Shubham Pandey\eclipse-workspace\CompreHybrid\target\test-classes;C:\Users\Shubham Pandey\eclipse-workspace\CompreHybrid\target\classes;C:\Users\Shubham Pandey\.m2\repository\org\seleniumhq\selenium\selenium-java\4.0.0-rc-3\selenium-java-4.0.0-rc-3.jar;C:\Users\Shubham Pandey\.m2\repository\org\seleniumhq\selenium\selenium-api\4.0.0-rc-3\selenium-api-4.0.0-rc-3.jar;C:\Users\Shubham Pandey\.m2\repository\org\seleniumhq\selenium\selenium-chrome-driver\4.0.0-rc-3\selenium-chrome-driver-4.0.0-rc-3.jar;C:\Users\Shubham Pandey\.m2\repository\com\google\auto\service\auto-service-annotations\1.0\auto-service-annotations-1.0.jar;C:\Users\Shubham Pandey\.m2\repository\com\google\auto\service\auto-service\1.0\auto-service-1.0.jar;C:\Users\Shubham Pandey\.m2\repository\com\google\auto\auto-common\1.0\auto-common-1.0.jar;C:\Users\Shubham Pandey\.m2\repository\com\google\guava\guava\31.0.1-jre\guava-31.0.1-jre.jar;C:\Users\Shubham Pandey\.m2\repository\com\google\guava\failureaccess\1.0.1\failureaccess-1.0.1.jar;C:\Users\Shubham Pandey\.m2\repository\com\google\guava\listenablefuture\9999.0-empty-to-avoid-conflict-with-guava\listenablefuture-9999.0-empty-to-avoid-conflict-with-guava.jar;C:\Users\Shubham Pandey\.m2\repository\com\google\code\findbugs\jsr305\3.0.2\jsr305-3.0.2.jar;C:\Users\Shubham Pandey\.m2\repository\org\checkerframework\checker-qual\3.12.0\checker-qual-3.12.0.jar;C:\Users\Shubham Pandey\.m2\repository\com\google\errorprone\error_prone_annotations\2.7.1\error_prone_annotations-2.7.1.jar;C:\Users\Shubham Pandey\.m2\repository\com\google\j2objc\j2objc-annotations\1.3\j2objc-annotations-1.3.jar;C:\Users\Shubham Pandey\.m2\repository\org\seleniumhq\selenium\selenium-chromium-driver\4.0.0-rc-3\selenium-chromium-driver-4.0.0-rc-3.jar;C:\Users\Shubham Pandey\.m2\repository\org\seleniumhq\selenium\selenium-json\4.0.0-rc-3\selenium-json-4.0.0-rc-3.jar;C:\Users\Shubham Pandey\.m2\repository\org\seleniumhq\selenium\selenium-devtools-v85\4.0.0-rc-3\selenium-devtools-v85-4.0.0-rc-3.jar;C:\Users\Shubham Pandey\.m2\repository\org\seleniumhq\selenium\selenium-devtools-v93\4.0.0-rc-3\selenium-devtools-v93-4.0.0-rc-3.jar;C:\Users\Shubham Pandey\.m2\repository\org\seleniumhq\selenium\selenium-devtools-v94\4.0.0-rc-3\selenium-devtools-v94-4.0.0-rc-3.jar;C:\Users\Shubham Pandey\.m2\repository\org\seleniumhq\selenium\selenium-devtools-v95\4.0.0-rc-3\selenium-devtools-v95-4.0.0-rc-3.jar;C:\Users\Shubham Pandey\.m2\repository\org\seleniumhq\selenium\selenium-edge-driver\4.0.0-rc-3\selenium-edge-driver-4.0.0-rc-3.jar;C:\Users\Shubham Pandey\.m2\repository\org\seleniumhq\selenium\selenium-firefox-driver\4.0.0-rc-3\selenium-firefox-driver-4.0.0-rc-3.jar;C:\Users\Shubham Pandey\.m2\repository\org\seleniumhq\selenium\selenium-firefox-xpi-driver\4.0.0-rc-3\selenium-firefox-xpi-driver-4.0.0-rc-3.jar;C:\Users\Shubham Pandey\.m2\repository\org\seleniumhq\selenium\selenium-ie-driver\4.0.0-rc-3\selenium-ie-driver-4.0.0-rc-3.jar;C:\Users\Shubham Pandey\.m2\repository\org\seleniumhq\selenium\selenium-opera-driver\4.0.0-rc-3\selenium-opera-driver-4.0.0-rc-3.jar;C:\Users\Shubham Pandey\.m2\repository\org\seleniumhq\selenium\selenium-remote-driver\4.0.0-rc-3\selenium-remote-driver-4.0.0-rc-3.jar;C:\Users\Shubham Pandey\.m2\repository\io\netty\netty-buffer\4.1.68.Final\netty-buffer-4.1.68.Final.jar;C:\Users\Shubham Pandey\.m2\repository\io\netty\netty-codec-http\4.1.67.Final\netty-codec-http-4.1.67.Final.jar;C:\Users\Shubham Pandey\.m2\repository\io\netty\netty-codec\4.1.67.Final\netty-codec-4.1.67.Final.jar;C:\Users\Shubham Pandey\.m2\repository\io\netty\netty-handler\4.1.67.Final\netty-handler-4.1.67.Final.jar;C:\Users\Shubham Pandey\.m2\repository\io\netty\netty-common\4.1.68.Final\netty-common-4.1.68.Final.jar;C:\Users\Shubham Pandey\.m2\repository\io\netty\netty-transport-native-epoll\4.1.67.Final\netty-transport-native-epoll-4.1.67.Final.jar;C:\Users\Shubham Pandey\.m2\repository\io\netty\netty-transport-native-kqueue\4.1.67.Final\netty-transport-native-kqueue-4.1.67.Final.jar;C:\Users\Shubham Pandey\.m2\repository\io\netty\netty-transport-native-unix-common\4.1.67.Final\netty-transport-native-unix-common-4.1.67.Final.jar;C:\Users\Shubham Pandey\.m2\repository\io\netty\netty-transport\4.1.68.Final\netty-transport-4.1.68.Final.jar;C:\Users\Shubham Pandey\.m2\repository\io\netty\netty-resolver\4.1.68.Final\netty-resolver-4.1.68.Final.jar;C:\Users\Shubham Pandey\.m2\repository\io\opentelemetry\opentelemetry-api\1.6.0\opentelemetry-api-1.6.0.jar;C:\Users\Shubham Pandey\.m2\repository\io\opentelemetry\opentelemetry-context\1.6.0\opentelemetry-context-1.6.0.jar;C:\Users\Shubham Pandey\.m2\repository\io\opentelemetry\opentelemetry-exporter-logging\1.6.0\opentelemetry-exporter-logging-1.6.0.jar;C:\Users\Shubham Pandey\.m2\repository\io\opentelemetry\opentelemetry-sdk-metrics\1.6.0-alpha\opentelemetry-sdk-metrics-1.6.0-alpha.jar;C:\Users\Shubham Pandey\.m2\repository\io\opentelemetry\opentelemetry-sdk-common\1.6.0\opentelemetry-sdk-common-1.6.0.jar;C:\Users\Shubham Pandey\.m2\repository\io\opentelemetry\opentelemetry-sdk-extension-autoconfigure-spi\1.6.0\opentelemetry-sdk-extension-autoconfigure-spi-1.6.0.jar;C:\Users\Shubham Pandey\.m2\repository\io\opentelemetry\opentelemetry-sdk-extension-autoconfigure\1.6.0-alpha\opentelemetry-sdk-extension-autoconfigure-1.6.0-alpha.jar;C:\Users\Shubham Pandey\.m2\repository\io\opentelemetry\opentelemetry-sdk-trace\1.6.0\opentelemetry-sdk-trace-1.6.0.jar;C:\Users\Shubham Pandey\.m2\repository\io\opentelemetry\opentelemetry-api-metrics\1.6.0-alpha\opentelemetry-api-metrics-1.6.0-alpha.jar;C:\Users\Shubham Pandey\.m2\repository\io\opentelemetry\opentelemetry-sdk\1.6.0\opentelemetry-sdk-1.6.0.jar;C:\Users\Shubham Pandey\.m2\repository\io\opentelemetry\opentelemetry-semconv\1.6.0-alpha\opentelemetry-semconv-1.6.0-alpha.jar;C:\Users\Shubham Pandey\.m2\repository\io\ous\jtoml\2.0.0\jtoml-2.0.0.jar;C:\Users\Shubham Pandey\.m2\repository\net\bytebuddy\byte-buddy\1.11.19\byte-buddy-1.11.19.jar;C:\Users\Shubham Pandey\.m2\repository\org\apache\commons\commons-exec\1.3\commons-exec-1.3.jar;C:\Users\Shubham Pandey\.m2\repository\org\asynchttpclient\async-http-client\2.12.3\async-http-client-2.12.3.jar;C:\Users\Shubham Pandey\.m2\repository\org\asynchttpclient\async-http-client-netty-utils\2.12.3\async-http-client-netty-utils-2.12.3.jar;C:\Users\Shubham Pandey\.m2\repository\io\netty\netty-codec-socks\4.1.60.Final\netty-codec-socks-4.1.60.Final.jar;C:\Users\Shubham Pandey\.m2\repository\io\netty\netty-handler-proxy\4.1.60.Final\netty-handler-proxy-4.1.60.Final.jar;C:\Users\Shubham Pandey\.m2\repository\io\netty\netty-transport-native-epoll\4.1.60.Final\netty-transport-native-epoll-4.1.60.Final-linux-x86_64.jar;C:\Users\Shubham Pandey\.m2\repository\io\netty\netty-transport-native-kqueue\4.1.60.Final\netty-transport-native-kqueue-4.1.60.Final-osx-x86_64.jar;C:\Users\Shubham Pandey\.m2\repository\com\typesafe\netty\netty-reactive-streams\2.0.4\netty-reactive-streams-2.0.4.jar;C:\Users\Shubham Pandey\.m2\repository\com\sun\activation\jakarta.activation\1.2.2\jakarta.activation-1.2.2.jar;C:\Users\Shubham Pandey\.m2\repository\org\seleniumhq\selenium\selenium-http\4.0.0-rc-3\selenium-http-4.0.0-rc-3.jar;C:\Users\Shubham Pandey\.m2\repository\org\seleniumhq\selenium\selenium-safari-driver\4.0.0-rc-3\selenium-safari-driver-4.0.0-rc-3.jar;C:\Users\Shubham Pandey\.m2\repository\org\seleniumhq\selenium\selenium-support\4.0.0-rc-3\selenium-support-4.0.0-rc-3.jar;C:\Users\Shubham Pandey\.m2\repository\org\testng\testng\7.4.0\testng-7.4.0.jar;C:\Users\Shubham Pandey\.m2\repository\com\beust\jcommander\1.78\jcommander-1.78.jar;C:\Users\Shubham Pandey\.m2\repository\org\webjars\jquery\3.5.1\jquery-3.5.1.jar;C:\Users\Shubham Pandey\.m2\repository\com\relevantcodes\extentreports\2.41.2\extentreports-2.41.2.jar;C:\Users\Shubham Pandey\.m2\repository\org\jsoup\jsoup\1.8.3\jsoup-1.8.3.jar;C:\Users\Shubham Pandey\.m2\repository\org\xerial\sqlite-jdbc\3.8.11.1\sqlite-jdbc-3.8.11.1.jar;C:\Users\Shubham Pandey\.m2\repository\org\freemarker\freemarker\2.3.23\freemarker-2.3.23.jar;C:\Users\Shubham Pandey\.m2\repository\org\mongodb\mongodb-driver\3.0.4\mongodb-driver-3.0.4.jar;C:\Users\Shubham Pandey\.m2\repository\org\mongodb\bson\3.0.4\bson-3.0.4.jar;C:\Users\Shubham Pandey\.m2\repository\org\mongodb\mongodb-driver-core\3.0.4\mongodb-driver-core-3.0.4.jar;C:\Users\Shubham Pandey\.m2\repository\org\apache\poi\poi-ooxml\5.0.0\poi-ooxml-5.0.0.jar;C:\Users\Shubham Pandey\.m2\repository\org\apache\poi\poi-ooxml-lite\5.0.0\poi-ooxml-lite-5.0.0.jar;C:\Users\Shubham Pandey\.m2\repository\org\apache\xmlbeans\xmlbeans\4.0.0\xmlbeans-4.0.0.jar;C:\Users\Shubham Pandey\.m2\repository\org\apache\commons\commons-compress\1.20\commons-compress-1.20.jar;C:\Users\Shubham Pandey\.m2\repository\com\github\virtuald\curvesapi\1.06\curvesapi-1.06.jar;C:\Users\Shubham Pandey\.m2\repository\org\bouncycastle\bcpkix-jdk15on\1.68\bcpkix-jdk15on-1.68.jar;C:\Users\Shubham Pandey\.m2\repository\org\bouncycastle\bcprov-jdk15on\1.68\bcprov-jdk15on-1.68.jar;C:\Users\Shubham Pandey\.m2\repository\org\apache\santuario\xmlsec\2.2.1\xmlsec-2.2.1.jar;C:\Users\Shubham Pandey\.m2\repository\com\fasterxml\woodstox\woodstox-core\5.2.1\woodstox-core-5.2.1.jar;C:\Users\Shubham Pandey\.m2\repository\org\codehaus\woodstox\stax2-api\4.2\stax2-api-4.2.jar;C:\Users\Shubham Pandey\.m2\repository\jakarta\xml\bind\jakarta.xml.bind-api\2.3.2\jakarta.xml.bind-api-2.3.2.jar;C:\Users\Shubham Pandey\.m2\repository\jakarta\activation\jakarta.activation-api\1.2.1\jakarta.activation-api-1.2.1.jar;C:\Users\Shubham Pandey\.m2\repository\org\apache\xmlgraphics\batik-all\1.13\batik-all-1.13.jar;C:\Users\Shubham Pandey\.m2\repository\org\apache\xmlgraphics\batik-anim\1.13\batik-anim-1.13.jar;C:\Users\Shubham Pandey\.m2\repository\org\apache\xmlgraphics\batik-shared-resources\1.13\batik-shared-resources-1.13.jar;C:\Users\Shubham Pandey\.m2\repository\xml-apis\xml-apis-ext\1.3.04\xml-apis-ext-1.3.04.jar;C:\Users\Shubham Pandey\.m2\repository\org\apache\xmlgraphics\batik-awt-util\1.13\batik-awt-util-1.13.jar;C:\Users\Shubham Pandey\.m2\repository\org\apache\xmlgraphics\xmlgraphics-commons\2.4\xmlgraphics-commons-2.4.jar;C:\Users\Shubham Pandey\.m2\repository\org\apache\xmlgraphics\batik-bridge\1.13\batik-bridge-1.13.jar;C:\Users\Shubham Pandey\.m2\repository\org\apache\xmlgraphics\batik-codec\1.13\batik-codec-1.13.jar;C:\Users\Shubham Pandey\.m2\repository\org\apache\xmlgraphics\batik-constants\1.13\batik-constants-1.13.jar;C:\Users\Shubham Pandey\.m2\repository\org\apache\xmlgraphics\batik-css\1.13\batik-css-1.13.jar;C:\Users\Shubham Pandey\.m2\repository\org\apache\xmlgraphics\batik-dom\1.13\batik-dom-1.13.jar;C:\Users\Shubham Pandey\.m2\repository\xalan\xalan\2.7.2\xalan-2.7.2.jar;C:\Users\Shubham Pandey\.m2\repository\xalan\serializer\2.7.2\serializer-2.7.2.jar;C:\Users\Shubham Pandey\.m2\repository\xml-apis\xml-apis\1.4.01\xml-apis-1.4.01.jar;C:\Users\Shubham Pandey\.m2\repository\org\apache\xmlgraphics\batik-ext\1.13\batik-ext-1.13.jar;C:\Users\Shubham Pandey\.m2\repository\org\apache\xmlgraphics\batik-extension\1.13\batik-extension-1.13.jar;C:\Users\Shubham Pandey\.m2\repository\org\apache\xmlgraphics\batik-gui-util\1.13\batik-gui-util-1.13.jar;C:\Users\Shubham Pandey\.m2\repository\org\apache\xmlgraphics\batik-gvt\1.13\batik-gvt-1.13.jar;C:\Users\Shubham Pandey\.m2\repository\org\apache\xmlgraphics\batik-i18n\1.13\batik-i18n-1.13.jar;C:\Users\Shubham Pandey\.m2\repository\org\apache\xmlgraphics\batik-parser\1.13\batik-parser-1.13.jar;C:\Users\Shubham Pandey\.m2\repository\org\apache\xmlgraphics\batik-rasterizer-ext\1.13\batik-rasterizer-ext-1.13.jar;C:\Users\Shubham Pandey\.m2\repository\org\apache\xmlgraphics\batik-rasterizer\1.13\batik-rasterizer-1.13.jar;C:\Users\Shubham Pandey\.m2\repository\org\apache\xmlgraphics\batik-script\1.13\batik-script-1.13.jar;C:\Users\Shubham Pandey\.m2\repository\org\apache\xmlgraphics\batik-slideshow\1.13\batik-slideshow-1.13.jar;C:\Users\Shubham Pandey\.m2\repository\org\apache\xmlgraphics\batik-squiggle-ext\1.13\batik-squiggle-ext-1.13.jar;C:\Users\Shubham Pandey\.m2\repository\org\apache\xmlgraphics\batik-squiggle\1.13\batik-squiggle-1.13.jar;C:\Users\Shubham Pandey\.m2\repository\org\apache\xmlgraphics\batik-svg-dom\1.13\batik-svg-dom-1.13.jar;C:\Users\Shubham Pandey\.m2\repository\org\apache\xmlgraphics\batik-svgbrowser\1.13\batik-svgbrowser-1.13.jar;C:\Users\Shubham Pandey\.m2\repository\org\apache\xmlgraphics\batik-svggen\1.13\batik-svggen-1.13.jar;C:\Users\Shubham Pandey\.m2\repository\org\apache\xmlgraphics\batik-svgpp\1.13\batik-svgpp-1.13.jar;C:\Users\Shubham Pandey\.m2\repository\org\apache\xmlgraphics\batik-svgrasterizer\1.13\batik-svgrasterizer-1.13.jar;C:\Users\Shubham Pandey\.m2\repository\org\apache\xmlgraphics\batik-swing\1.13\batik-swing-1.13.jar;C:\Users\Shubham Pandey\.m2\repository\org\apache\xmlgraphics\batik-transcoder\1.13\batik-transcoder-1.13.jar;C:\Users\Shubham Pandey\.m2\repository\org\apache\xmlgraphics\batik-util\1.13\batik-util-1.13.jar;C:\Users\Shubham Pandey\.m2\repository\org\apache\xmlgraphics\batik-ttf2svg\1.13\batik-ttf2svg-1.13.jar;C:\Users\Shubham Pandey\.m2\repository\org\apache\xmlgraphics\batik-xml\1.13\batik-xml-1.13.jar;C:\Users\Shubham Pandey\.m2\repository\de\rototor\pdfbox\graphics2d\0.30\graphics2d-0.30.jar;C:\Users\Shubham Pandey\.m2\repository\org\apache\pdfbox\pdfbox\2.0.22\pdfbox-2.0.22.jar;C:\Users\Shubham Pandey\.m2\repository\org\apache\pdfbox\fontbox\2.0.22\fontbox-2.0.22.jar;C:\Users\Shubham Pandey\.m2\repository\org\apache\poi\poi\5.0.0\poi-5.0.0.jar;C:\Users\Shubham Pandey\.m2\repository\org\slf4j\slf4j-api\1.7.30\slf4j-api-1.7.30.jar;C:\Users\Shubham Pandey\.m2\repository\org\slf4j\jcl-over-slf4j\1.7.30\jcl-over-slf4j-1.7.30.jar;C:\Users\Shubham Pandey\.m2\repository\commons-codec\commons-codec\1.15\commons-codec-1.15.jar;C:\Users\Shubham Pandey\.m2\repository\org\apache\commons\commons-collections4\4.4\commons-collections4-4.4.jar;C:\Users\Shubham Pandey\.m2\repository\org\apache\commons\commons-math3\3.6.1\commons-math3-3.6.1.jar;C:\Users\Shubham Pandey\.m2\repository\com\zaxxer\SparseBitSet\1.2\SparseBitSet-1.2.jar;C:\Users\Shubham Pandey\.m2\repository\com\aventstack\extentreports\5.0.5\extentreports-5.0.5.jar;C:\Users\Shubham Pandey\.m2\repository\io\reactivex\rxjava3\rxjava\3.0.4\rxjava-3.0.4.jar;C:\Users\Shubham Pandey\.m2\repository\org\reactivestreams\reactive-streams\1.0.3\reactive-streams-1.0.3.jar;C:\Users\Shubham Pandey\.m2\repository\org\projectlombok\lombok\1.18.12\lombok-1.18.12.jar;C:\Users\Shubham Pandey\.m2\repository\com\google\code\gson\gson\2.8.6\gson-2.8.6.jar;C:\Users\Shubham Pandey\.m2\repository\commons-io\commons-io\2.6\commons-io-2.6.jar;C:\Users\Shubham Pandey\.m2\repository\log4j\log4j\1.2.17\log4j-1.2.17.jar;C:\Users\Shubham Pandey\.m2\repository\junit\junit\4.11\junit-4.11.jar;C:\Users\Shubham Pandey\.m2\repository\org\hamcrest\hamcrest-core\1.3\hamcrest-core-1.3.jar;"/>
    <property name="java.vm.vendor" value="Eclipse OpenJ9"/>
    <property name="sun.arch.data.model" value="64"/>
    <property name="com.ibm.vm.bitmode" value="64"/>
    <property name="user.variant" value=""/>
    <property name="com.ibm.oti.vm.library.version" value="29"/>
    <property name="java.vendor.url" value="https://adoptopenjdk.net/"/>
    <property name="user.timezone" value="Asia/Calcutta"/>
    <property name="java.vm.specification.version" value="11"/>
    <property name="os.name" value="Windows 10"/>
    <property name="sun.java.launcher" value="SUN_STANDARD"/>
    <property name="user.country" value="IN"/>
    <property name="sun.boot.library.path" value="C:\Program Files\AdoptOpenJDK\jdk-11.0.11.9-openj9\bin\default;C:\Program Files\AdoptOpenJDK\jdk-11.0.11.9-openj9\bin"/>
    <property name="sun.java.command" value="C:\Users\Shubham Pandey\AppData\Local\Temp\surefire2374075501793248800\surefirebooter14584632879910386645.jar C:\Users\Shubham Pandey\AppData\Local\Temp\surefire2374075501793248800 2021-11-22T13-54-10_856-jvmRun1 surefire16807586033089417557tmp surefire_018293536477019765498tmp"/>
    <property name="surefire.test.class.path" value="C:\Users\Shubham Pandey\eclipse-workspace\CompreHybrid\target\test-classes;C:\Users\Shubham Pandey\eclipse-workspace\CompreHybrid\target\classes;C:\Users\Shubham Pandey\.m2\repository\org\seleniumhq\selenium\selenium-java\4.0.0-rc-3\selenium-java-4.0.0-rc-3.jar;C:\Users\Shubham Pandey\.m2\repository\org\seleniumhq\selenium\selenium-api\4.0.0-rc-3\selenium-api-4.0.0-rc-3.jar;C:\Users\Shubham Pandey\.m2\repository\org\seleniumhq\selenium\selenium-chrome-driver\4.0.0-rc-3\selenium-chrome-driver-4.0.0-rc-3.jar;C:\Users\Shubham Pandey\.m2\repository\com\google\auto\service\auto-service-annotations\1.0\auto-service-annotations-1.0.jar;C:\Users\Shubham Pandey\.m2\repository\com\google\auto\service\auto-service\1.0\auto-service-1.0.jar;C:\Users\Shubham Pandey\.m2\repository\com\google\auto\auto-common\1.0\auto-common-1.0.jar;C:\Users\Shubham Pandey\.m2\repository\com\google\guava\guava\31.0.1-jre\guava-31.0.1-jre.jar;C:\Users\Shubham Pandey\.m2\repository\com\google\guava\failureaccess\1.0.1\failureaccess-1.0.1.jar;C:\Users\Shubham Pandey\.m2\repository\com\google\guava\listenablefuture\9999.0-empty-to-avoid-conflict-with-guava\listenablefuture-9999.0-empty-to-avoid-conflict-with-guava.jar;C:\Users\Shubham Pandey\.m2\repository\com\google\code\findbugs\jsr305\3.0.2\jsr305-3.0.2.jar;C:\Users\Shubham Pandey\.m2\repository\org\checkerframework\checker-qual\3.12.0\checker-qual-3.12.0.jar;C:\Users\Shubham Pandey\.m2\repository\com\google\errorprone\error_prone_annotations\2.7.1\error_prone_annotations-2.7.1.jar;C:\Users\Shubham Pandey\.m2\repository\com\google\j2objc\j2objc-annotations\1.3\j2objc-annotations-1.3.jar;C:\Users\Shubham Pandey\.m2\repository\org\seleniumhq\selenium\selenium-chromium-driver\4.0.0-rc-3\selenium-chromium-driver-4.0.0-rc-3.jar;C:\Users\Shubham Pandey\.m2\repository\org\seleniumhq\selenium\selenium-json\4.0.0-rc-3\selenium-json-4.0.0-rc-3.jar;C:\Users\Shubham Pandey\.m2\repository\org\seleniumhq\selenium\selenium-devtools-v85\4.0.0-rc-3\selenium-devtools-v85-4.0.0-rc-3.jar;C:\Users\Shubham Pandey\.m2\repository\org\seleniumhq\selenium\selenium-devtools-v93\4.0.0-rc-3\selenium-devtools-v93-4.0.0-rc-3.jar;C:\Users\Shubham Pandey\.m2\repository\org\seleniumhq\selenium\selenium-devtools-v94\4.0.0-rc-3\selenium-devtools-v94-4.0.0-rc-3.jar;C:\Users\Shubham Pandey\.m2\repository\org\seleniumhq\selenium\selenium-devtools-v95\4.0.0-rc-3\selenium-devtools-v95-4.0.0-rc-3.jar;C:\Users\Shubham Pandey\.m2\repository\org\seleniumhq\selenium\selenium-edge-driver\4.0.0-rc-3\selenium-edge-driver-4.0.0-rc-3.jar;C:\Users\Shubham Pandey\.m2\repository\org\seleniumhq\selenium\selenium-firefox-driver\4.0.0-rc-3\selenium-firefox-driver-4.0.0-rc-3.jar;C:\Users\Shubham Pandey\.m2\repository\org\seleniumhq\selenium\selenium-firefox-xpi-driver\4.0.0-rc-3\selenium-firefox-xpi-driver-4.0.0-rc-3.jar;C:\Users\Shubham Pandey\.m2\repository\org\seleniumhq\selenium\selenium-ie-driver\4.0.0-rc-3\selenium-ie-driver-4.0.0-rc-3.jar;C:\Users\Shubham Pandey\.m2\repository\org\seleniumhq\selenium\selenium-opera-driver\4.0.0-rc-3\selenium-opera-driver-4.0.0-rc-3.jar;C:\Users\Shubham Pandey\.m2\repository\org\seleniumhq\selenium\selenium-remote-driver\4.0.0-rc-3\selenium-remote-driver-4.0.0-rc-3.jar;C:\Users\Shubham Pandey\.m2\repository\io\netty\netty-buffer\4.1.68.Final\netty-buffer-4.1.68.Final.jar;C:\Users\Shubham Pandey\.m2\repository\io\netty\netty-codec-http\4.1.67.Final\netty-codec-http-4.1.67.Final.jar;C:\Users\Shubham Pandey\.m2\repository\io\netty\netty-codec\4.1.67.Final\netty-codec-4.1.67.Final.jar;C:\Users\Shubham Pandey\.m2\repository\io\netty\netty-handler\4.1.67.Final\netty-handler-4.1.67.Final.jar;C:\Users\Shubham Pandey\.m2\repository\io\netty\netty-common\4.1.68.Final\netty-common-4.1.68.Final.jar;C:\Users\Shubham Pandey\.m2\repository\io\netty\netty-transport-native-epoll\4.1.67.Final\netty-transport-native-epoll-4.1.67.Final.jar;C:\Users\Shubham Pandey\.m2\repository\io\netty\netty-transport-native-kqueue\4.1.67.Final\netty-transport-native-kqueue-4.1.67.Final.jar;C:\Users\Shubham Pandey\.m2\repository\io\netty\netty-transport-native-unix-common\4.1.67.Final\netty-transport-native-unix-common-4.1.67.Final.jar;C:\Users\Shubham Pandey\.m2\repository\io\netty\netty-transport\4.1.68.Final\netty-transport-4.1.68.Final.jar;C:\Users\Shubham Pandey\.m2\repository\io\netty\netty-resolver\4.1.68.Final\netty-resolver-4.1.68.Final.jar;C:\Users\Shubham Pandey\.m2\repository\io\opentelemetry\opentelemetry-api\1.6.0\opentelemetry-api-1.6.0.jar;C:\Users\Shubham Pandey\.m2\repository\io\opentelemetry\opentelemetry-context\1.6.0\opentelemetry-context-1.6.0.jar;C:\Users\Shubham Pandey\.m2\repository\io\opentelemetry\opentelemetry-exporter-logging\1.6.0\opentelemetry-exporter-logging-1.6.0.jar;C:\Users\Shubham Pandey\.m2\repository\io\opentelemetry\opentelemetry-sdk-metrics\1.6.0-alpha\opentelemetry-sdk-metrics-1.6.0-alpha.jar;C:\Users\Shubham Pandey\.m2\repository\io\opentelemetry\opentelemetry-sdk-common\1.6.0\opentelemetry-sdk-common-1.6.0.jar;C:\Users\Shubham Pandey\.m2\repository\io\opentelemetry\opentelemetry-sdk-extension-autoconfigure-spi\1.6.0\opentelemetry-sdk-extension-autoconfigure-spi-1.6.0.jar;C:\Users\Shubham Pandey\.m2\repository\io\opentelemetry\opentelemetry-sdk-extension-autoconfigure\1.6.0-alpha\opentelemetry-sdk-extension-autoconfigure-1.6.0-alpha.jar;C:\Users\Shubham Pandey\.m2\repository\io\opentelemetry\opentelemetry-sdk-trace\1.6.0\opentelemetry-sdk-trace-1.6.0.jar;C:\Users\Shubham Pandey\.m2\repository\io\opentelemetry\opentelemetry-api-metrics\1.6.0-alpha\opentelemetry-api-metrics-1.6.0-alpha.jar;C:\Users\Shubham Pandey\.m2\repository\io\opentelemetry\opentelemetry-sdk\1.6.0\opentelemetry-sdk-1.6.0.jar;C:\Users\Shubham Pandey\.m2\repository\io\opentelemetry\opentelemetry-semconv\1.6.0-alpha\opentelemetry-semconv-1.6.0-alpha.jar;C:\Users\Shubham Pandey\.m2\repository\io\ous\jtoml\2.0.0\jtoml-2.0.0.jar;C:\Users\Shubham Pandey\.m2\repository\net\bytebuddy\byte-buddy\1.11.19\byte-buddy-1.11.19.jar;C:\Users\Shubham Pandey\.m2\repository\org\apache\commons\commons-exec\1.3\commons-exec-1.3.jar;C:\Users\Shubham Pandey\.m2\repository\org\asynchttpclient\async-http-client\2.12.3\async-http-client-2.12.3.jar;C:\Users\Shubham Pandey\.m2\repository\org\asynchttpclient\async-http-client-netty-utils\2.12.3\async-http-client-netty-utils-2.12.3.jar;C:\Users\Shubham Pandey\.m2\repository\io\netty\netty-codec-socks\4.1.60.Final\netty-codec-socks-4.1.60.Final.jar;C:\Users\Shubham Pandey\.m2\repository\io\netty\netty-handler-proxy\4.1.60.Final\netty-handler-proxy-4.1.60.Final.jar;C:\Users\Shubham Pandey\.m2\repository\io\netty\netty-transport-native-epoll\4.1.60.Final\netty-transport-native-epoll-4.1.60.Final-linux-x86_64.jar;C:\Users\Shubham Pandey\.m2\repository\io\netty\netty-transport-native-kqueue\4.1.60.Final\netty-transport-native-kqueue-4.1.60.Final-osx-x86_64.jar;C:\Users\Shubham Pandey\.m2\repository\com\typesafe\netty\netty-reactive-streams\2.0.4\netty-reactive-streams-2.0.4.jar;C:\Users\Shubham Pandey\.m2\repository\com\sun\activation\jakarta.activation\1.2.2\jakarta.activation-1.2.2.jar;C:\Users\Shubham Pandey\.m2\repository\org\seleniumhq\selenium\selenium-http\4.0.0-rc-3\selenium-http-4.0.0-rc-3.jar;C:\Users\Shubham Pandey\.m2\repository\org\seleniumhq\selenium\selenium-safari-driver\4.0.0-rc-3\selenium-safari-driver-4.0.0-rc-3.jar;C:\Users\Shubham Pandey\.m2\repository\org\seleniumhq\selenium\selenium-support\4.0.0-rc-3\selenium-support-4.0.0-rc-3.jar;C:\Users\Shubham Pandey\.m2\repository\org\testng\testng\7.4.0\testng-7.4.0.jar;C:\Users\Shubham Pandey\.m2\repository\com\beust\jcommander\1.78\jcommander-1.78.jar;C:\Users\Shubham Pandey\.m2\repository\org\webjars\jquery\3.5.1\jquery-3.5.1.jar;C:\Users\Shubham Pandey\.m2\repository\com\relevantcodes\extentreports\2.41.2\extentreports-2.41.2.jar;C:\Users\Shubham Pandey\.m2\repository\org\jsoup\jsoup\1.8.3\jsoup-1.8.3.jar;C:\Users\Shubham Pandey\.m2\repository\org\xerial\sqlite-jdbc\3.8.11.1\sqlite-jdbc-3.8.11.1.jar;C:\Users\Shubham Pandey\.m2\repository\org\freemarker\freemarker\2.3.23\freemarker-2.3.23.jar;C:\Users\Shubham Pandey\.m2\repository\org\mongodb\mongodb-driver\3.0.4\mongodb-driver-3.0.4.jar;C:\Users\Shubham Pandey\.m2\repository\org\mongodb\bson\3.0.4\bson-3.0.4.jar;C:\Users\Shubham Pandey\.m2\repository\org\mongodb\mongodb-driver-core\3.0.4\mongodb-driver-core-3.0.4.jar;C:\Users\Shubham Pandey\.m2\repository\org\apache\poi\poi-ooxml\5.0.0\poi-ooxml-5.0.0.jar;C:\Users\Shubham Pandey\.m2\repository\org\apache\poi\poi-ooxml-lite\5.0.0\poi-ooxml-lite-5.0.0.jar;C:\Users\Shubham Pandey\.m2\repository\org\apache\xmlbeans\xmlbeans\4.0.0\xmlbeans-4.0.0.jar;C:\Users\Shubham Pandey\.m2\repository\org\apache\commons\commons-compress\1.20\commons-compress-1.20.jar;C:\Users\Shubham Pandey\.m2\repository\com\github\virtuald\curvesapi\1.06\curvesapi-1.06.jar;C:\Users\Shubham Pandey\.m2\repository\org\bouncycastle\bcpkix-jdk15on\1.68\bcpkix-jdk15on-1.68.jar;C:\Users\Shubham Pandey\.m2\repository\org\bouncycastle\bcprov-jdk15on\1.68\bcprov-jdk15on-1.68.jar;C:\Users\Shubham Pandey\.m2\repository\org\apache\santuario\xmlsec\2.2.1\xmlsec-2.2.1.jar;C:\Users\Shubham Pandey\.m2\repository\com\fasterxml\woodstox\woodstox-core\5.2.1\woodstox-core-5.2.1.jar;C:\Users\Shubham Pandey\.m2\repository\org\codehaus\woodstox\stax2-api\4.2\stax2-api-4.2.jar;C:\Users\Shubham Pandey\.m2\repository\jakarta\xml\bind\jakarta.xml.bind-api\2.3.2\jakarta.xml.bind-api-2.3.2.jar;C:\Users\Shubham Pandey\.m2\repository\jakarta\activation\jakarta.activation-api\1.2.1\jakarta.activation-api-1.2.1.jar;C:\Users\Shubham Pandey\.m2\repository\org\apache\xmlgraphics\batik-all\1.13\batik-all-1.13.jar;C:\Users\Shubham Pandey\.m2\repository\org\apache\xmlgraphics\batik-anim\1.13\batik-anim-1.13.jar;C:\Users\Shubham Pandey\.m2\repository\org\apache\xmlgraphics\batik-shared-resources\1.13\batik-shared-resources-1.13.jar;C:\Users\Shubham Pandey\.m2\repository\xml-apis\xml-apis-ext\1.3.04\xml-apis-ext-1.3.04.jar;C:\Users\Shubham Pandey\.m2\repository\org\apache\xmlgraphics\batik-awt-util\1.13\batik-awt-util-1.13.jar;C:\Users\Shubham Pandey\.m2\repository\org\apache\xmlgraphics\xmlgraphics-commons\2.4\xmlgraphics-commons-2.4.jar;C:\Users\Shubham Pandey\.m2\repository\org\apache\xmlgraphics\batik-bridge\1.13\batik-bridge-1.13.jar;C:\Users\Shubham Pandey\.m2\repository\org\apache\xmlgraphics\batik-codec\1.13\batik-codec-1.13.jar;C:\Users\Shubham Pandey\.m2\repository\org\apache\xmlgraphics\batik-constants\1.13\batik-constants-1.13.jar;C:\Users\Shubham Pandey\.m2\repository\org\apache\xmlgraphics\batik-css\1.13\batik-css-1.13.jar;C:\Users\Shubham Pandey\.m2\repository\org\apache\xmlgraphics\batik-dom\1.13\batik-dom-1.13.jar;C:\Users\Shubham Pandey\.m2\repository\xalan\xalan\2.7.2\xalan-2.7.2.jar;C:\Users\Shubham Pandey\.m2\repository\xalan\serializer\2.7.2\serializer-2.7.2.jar;C:\Users\Shubham Pandey\.m2\repository\xml-apis\xml-apis\1.4.01\xml-apis-1.4.01.jar;C:\Users\Shubham Pandey\.m2\repository\org\apache\xmlgraphics\batik-ext\1.13\batik-ext-1.13.jar;C:\Users\Shubham Pandey\.m2\repository\org\apache\xmlgraphics\batik-extension\1.13\batik-extension-1.13.jar;C:\Users\Shubham Pandey\.m2\repository\org\apache\xmlgraphics\batik-gui-util\1.13\batik-gui-util-1.13.jar;C:\Users\Shubham Pandey\.m2\repository\org\apache\xmlgraphics\batik-gvt\1.13\batik-gvt-1.13.jar;C:\Users\Shubham Pandey\.m2\repository\org\apache\xmlgraphics\batik-i18n\1.13\batik-i18n-1.13.jar;C:\Users\Shubham Pandey\.m2\repository\org\apache\xmlgraphics\batik-parser\1.13\batik-parser-1.13.jar;C:\Users\Shubham Pandey\.m2\repository\org\apache\xmlgraphics\batik-rasterizer-ext\1.13\batik-rasterizer-ext-1.13.jar;C:\Users\Shubham Pandey\.m2\repository\org\apache\xmlgraphics\batik-rasterizer\1.13\batik-rasterizer-1.13.jar;C:\Users\Shubham Pandey\.m2\repository\org\apache\xmlgraphics\batik-script\1.13\batik-script-1.13.jar;C:\Users\Shubham Pandey\.m2\repository\org\apache\xmlgraphics\batik-slideshow\1.13\batik-slideshow-1.13.jar;C:\Users\Shubham Pandey\.m2\repository\org\apache\xmlgraphics\batik-squiggle-ext\1.13\batik-squiggle-ext-1.13.jar;C:\Users\Shubham Pandey\.m2\repository\org\apache\xmlgraphics\batik-squiggle\1.13\batik-squiggle-1.13.jar;C:\Users\Shubham Pandey\.m2\repository\org\apache\xmlgraphics\batik-svg-dom\1.13\batik-svg-dom-1.13.jar;C:\Users\Shubham Pandey\.m2\repository\org\apache\xmlgraphics\batik-svgbrowser\1.13\batik-svgbrowser-1.13.jar;C:\Users\Shubham Pandey\.m2\repository\org\apache\xmlgraphics\batik-svggen\1.13\batik-svggen-1.13.jar;C:\Users\Shubham Pandey\.m2\repository\org\apache\xmlgraphics\batik-svgpp\1.13\batik-svgpp-1.13.jar;C:\Users\Shubham Pandey\.m2\repository\org\apache\xmlgraphics\batik-svgrasterizer\1.13\batik-svgrasterizer-1.13.jar;C:\Users\Shubham Pandey\.m2\repository\org\apache\xmlgraphics\batik-swing\1.13\batik-swing-1.13.jar;C:\Users\Shubham Pandey\.m2\repository\org\apache\xmlgraphics\batik-transcoder\1.13\batik-transcoder-1.13.jar;C:\Users\Shubham Pandey\.m2\repository\org\apache\xmlgraphics\batik-util\1.13\batik-util-1.13.jar;C:\Users\Shubham Pandey\.m2\repository\org\apache\xmlgraphics\batik-ttf2svg\1.13\batik-ttf2svg-1.13.jar;C:\Users\Shubham Pandey\.m2\repository\org\apache\xmlgraphics\batik-xml\1.13\batik-xml-1.13.jar;C:\Users\Shubham Pandey\.m2\repository\de\rototor\pdfbox\graphics2d\0.30\graphics2d-0.30.jar;C:\Users\Shubham Pandey\.m2\repository\org\apache\pdfbox\pdfbox\2.0.22\pdfbox-2.0.22.jar;C:\Users\Shubham Pandey\.m2\repository\org\apache\pdfbox\fontbox\2.0.22\fontbox-2.0.22.jar;C:\Users\Shubham Pandey\.m2\repository\org\apache\poi\poi\5.0.0\poi-5.0.0.jar;C:\Users\Shubham Pandey\.m2\repository\org\slf4j\slf4j-api\1.7.30\slf4j-api-1.7.30.jar;C:\Users\Shubham Pandey\.m2\repository\org\slf4j\jcl-over-slf4j\1.7.30\jcl-over-slf4j-1.7.30.jar;C:\Users\Shubham Pandey\.m2\repository\commons-codec\commons-codec\1.15\commons-codec-1.15.jar;C:\Users\Shubham Pandey\.m2\repository\org\apache\commons\commons-collections4\4.4\commons-collections4-4.4.jar;C:\Users\Shubham Pandey\.m2\repository\org\apache\commons\commons-math3\3.6.1\commons-math3-3.6.1.jar;C:\Users\Shubham Pandey\.m2\repository\com\zaxxer\SparseBitSet\1.2\SparseBitSet-1.2.jar;C:\Users\Shubham Pandey\.m2\repository\com\aventstack\extentreports\5.0.5\extentreports-5.0.5.jar;C:\Users\Shubham Pandey\.m2\repository\io\reactivex\rxjava3\rxjava\3.0.4\rxjava-3.0.4.jar;C:\Users\Shubham Pandey\.m2\repository\org\reactivestreams\reactive-streams\1.0.3\reactive-streams-1.0.3.jar;C:\Users\Shubham Pandey\.m2\repository\org\projectlombok\lombok\1.18.12\lombok-1.18.12.jar;C:\Users\Shubham Pandey\.m2\repository\com\google\code\gson\gson\2.8.6\gson-2.8.6.jar;C:\Users\Shubham Pandey\.m2\repository\commons-io\commons-io\2.6\commons-io-2.6.jar;C:\Users\Shubham Pandey\.m2\repository\log4j\log4j\1.2.17\log4j-1.2.17.jar;C:\Users\Shubham Pandey\.m2\repository\junit\junit\4.11\junit-4.11.jar;C:\Users\Shubham Pandey\.m2\repository\org\hamcrest\hamcrest-core\1.3\hamcrest-core-1.3.jar;"/>
    <property name="sun.cpu.endian" value="little"/>
    <property name="user.home" value="C:\Users\Shubham Pandey"/>
    <property name="user.language" value="en"/>
    <property name="java.specification.vendor" value="Oracle Corporation"/>
    <property name="java.version.date" value="2021-04-20"/>
    <property name="java.home" value="C:\Program Files\AdoptOpenJDK\jdk-11.0.11.9-openj9"/>
    <property name="ibm.signalhandling.rs" value="false"/>
    <property name="jdk.extensions.name" value="Extensions for OpenJDK for Eclipse OpenJ9"/>
    <property name="file.separator" value="\"/>
    <property name="basedir" value="C:\Users\Shubham Pandey\eclipse-workspace\CompreHybrid"/>
    <property name="line.separator" value="&#10;"/>
    <property name="java.specification.name" value="Java Platform API Specification"/>
    <property name="java.vm.specification.vendor" value="Oracle Corporation"/>
    <property name="java.compiler" value="j9jit29"/>
    <property name="com.ibm.util.extralibs.properties" value=""/>
    <property name="java.awt.graphicsenv" value="sun.awt.Win32GraphicsEnvironment"/>
    <property name="com.ibm.oti.configuration" value="scar"/>
    <property name="java.awt.fonts" value=""/>
    <property name="surefire.real.class.path" value="C:\Users\Shubham Pandey\AppData\Local\Temp\surefire2374075501793248800\surefirebooter14584632879910386645.jar"/>
    <property name="com.ibm.oti.shared.enabled" value="false"/>
    <property name="com.ibm.oti.vm.bootstrap.library.path" value="C:\Program Files\AdoptOpenJDK\jdk-11.0.11.9-openj9\bin\default;C:\Program Files\AdoptOpenJDK\jdk-11.0.11.9-openj9\bin"/>
    <property name="com.ibm.cpu.endian" value="little"/>
    <property name="java.fullversion" value="11.0.11+9&#10;JRE 11 Windows 10 amd64-64-Bit Compressed References 20210421_976 (JIT enabled, AOT enabled)&#10;OpenJ9   - b4cc246d9&#10;OMR      - 162e6f729&#10;JCL      - 7796c80419 based on jdk-11.0.11+9"/>
    <property name="java.runtime.version" value="11.0.11+9"/>
    <property name="user.name" value="Shubham Pandey"/>
    <property name="path.separator" value=";"/>
    <property name="os.version" value="10.0"/>
    <property name="java.runtime.name" value="OpenJDK Runtime Environment"/>
    <property name="ibm.signalhandling.sigint" value="true"/>
    <property name="file.encoding" value="Cp1252"/>
    <property name="sun.nio.ch.bugLevel" value=""/>
    <property name="java.vm.name" value="Eclipse OpenJ9 VM"/>
    <property name="java.vendor.version" value="AdoptOpenJDK-11.0.11+9"/>
    <property name="ibm.signalhandling.sigchain" value="true"/>
    <property name="localRepository" value="C:\Users\Shubham Pandey\.m2\repository"/>
    <property name="java.vendor.url.bug" value="https://github.com/AdoptOpenJDK/openjdk-support/issues"/>
    <property name="java.io.tmpdir" value="C:\Users\SHUBHA~1\AppData\Local\Temp\"/>
    <property name="java.version" value="11.0.11"/>
    <property name="com.ibm.system.agent.path" value="C:\Program Files\AdoptOpenJDK\jdk-11.0.11.9-openj9\bin"/>
    <property name="user.dir" value="C:\Users\Shubham Pandey\eclipse-workspace\CompreHybrid"/>
    <property name="os.arch" value="amd64"/>
    <property name="java.vm.specification.name" value="Java Virtual Machine Specification"/>
    <property name="java.awt.printerjob" value="sun.awt.windows.WPrinterJob"/>
    <property name="os.encoding" value="UTF8"/>
    <property name="java.library.path" value="C:\Program Files\AdoptOpenJDK\jdk-11.0.11.9-openj9\bin\default;C:\Program Files\AdoptOpenJDK\jdk-11.0.11.9-openj9\bin;C:\Windows\system32;C:\Windows;C:/Users/Shubham Pandey/.p2/pool/plugins/org.eclipse.justj.openjdk.hotspot.jre.full.win32.x86_64_17.0.0.v20211012-1059/jre/bin/server;C:/Users/Shubham Pandey/.p2/pool/plugins/org.eclipse.justj.openjdk.hotspot.jre.full.win32.x86_64_17.0.0.v20211012-1059/jre/bin;C:\Windows\system32;C:\Windows;C:\Windows\System32\Wbem;C:\Windows\System32\WindowsPowerShell\v1.0\;C:\Windows\System32\OpenSSH\;C:\Program Files\Java\jdk1.8.0_202\bin;C:\Program Files\apache-maven-3.8.3\bin;C:\Program Files\Git\cmd;C:\Program Files\MySQL\MySQL Shell 8.0\bin\;C:\Users\Shubham Pandey\AppData\Local\Microsoft\WindowsApps;C:\Users\Shubham Pandey\AppData\Local\Programs\Microsoft VS Code\bin;C:\Program Files\AdoptOpenJDK\jdk-11.0.11.9-openj9;C:\Program Files\apache-maven-3.8.3;;C:\Users\Shubham Pandey\OneDrive - Mindtree Limited\Desktop;;."/>
    <property name="java.vm.info" value="JRE 11 Windows 10 amd64-64-Bit Compressed References 20210421_976 (JIT enabled, AOT enabled)&#10;OpenJ9   - b4cc246d9&#10;OMR      - 162e6f729&#10;JCL      - 7796c80419 based on jdk-11.0.11+9"/>
    <property name="java.vendor" value="AdoptOpenJDK"/>
    <property name="java.vm.version" value="openj9-0.26.0"/>
    <property name="ibm.system.encoding" value="Cp1252"/>
    <property name="com.ibm.jcl.checkClassPath" value=""/>
    <property name="sun.io.unicode.encoding" value="UnicodeLittle"/>
    <property name="java.class.version" value="55.0"/>
  </properties>
  <testcase name="LoginTestMethod[shubhampan1411@gmail.com, Shubham@123](1)" classname="com.mindtree.TestPack.LoginTest" time="10.858">
    <system-out><![CDATA[shubhampan1411@gmail.com
Shubham@123
chrome
11-22-2021 13:54:22 LoginTest.java INFO  [main] reusablecomponents.Base 32 - 
11-22-2021 13:54:29 LoginTest.java INFO  [main] reusablecomponents.Base 34 - Gifts Online - Send Unique, Unusual Gifts in India, Buy Gifts– Bigsmall.in
11-22-2021 13:54:29 LoginTest.java INFO  [main] reusablecomponents.Base 45 - Class Instantiated
11-22-2021 13:54:33 LoginTest.java INFO  [main] reusablecomponents.Base 48 - Clicked on Login
11-22-2021 13:54:33 LoginTest.java INFO  [main] reusablecomponents.Base 52 - UserName Entered
11-22-2021 13:54:34 LoginTest.java INFO  [main] reusablecomponents.Base 56 - Password Entered
11-22-2021 13:54:40 LoginTest.java INFO  [main] reusablecomponents.Base 60 - Clicked on Submit
]]></system-out>
    <system-err><![CDATA[log4j:WARN No such property [maxBackupIndex] in com.mindtree.utilities.Log.
log4j:WARN No such property [maxFileSize] in com.mindtree.utilities.Log.
SLF4J: Failed to load class "org.slf4j.impl.StaticLoggerBinder".
SLF4J: Defaulting to no-operation (NOP) logger implementation
SLF4J: See http://www.slf4j.org/codes.html#StaticLoggerBinder for further details.
Starting ChromeDriver 96.0.4664.45 (76e4c1bb2ab4671b8beba3444e61c0f17584b2fc-refs/branch-heads/4664@{#947}) on port 61518
Only local connections are allowed.
Please see https://chromedriver.chromium.org/security-considerations for suggestions on keeping ChromeDriver safe.
ChromeDriver was started successfully.
Nov 22, 2021 1:54:22 PM org.openqa.selenium.remote.ProtocolHandshake createSession
INFO: Detected dialect: W3C
Nov 22, 2021 1:54:22 PM org.openqa.selenium.devtools.CdpVersionFinder findNearestMatch
WARNING: Unable to find an exact match for CDP version 96, so returning the closest version found: 95
Nov 22, 2021 1:54:22 PM org.openqa.selenium.devtools.CdpVersionFinder findNearestMatch
INFO: Found CDP implementation for version 96 of 95
]]></system-err>
  </testcase>
  <testcase name="CartTestMethod[shubhampan1411@gmail.com, Shubham, Pandey, Sain Vihar, Vijay Nagar, Ghaziabad](1)" classname="com.mindtree.TestPack.CartTest" time="27.313">
    <system-out><![CDATA[11-22-2021 13:54:42 LoginTest.java INFO  [main] reusablecomponents.Base 95 - driver closed
shubhampan1411@gmail.com
Shubham
Pandey
Sain Vihar
Vijay Nagar
Ghaziabad
chrome
11-22-2021 13:54:45 CartTest.java INFO  [main] reusablecomponents.Base 38 - 
11-22-2021 13:54:53 CartTest.java INFO  [main] reusablecomponents.Base 40 - Gifts Online - Send Unique, Unusual Gifts in India, Buy Gifts– Bigsmall.in
11-22-2021 13:54:53 CartTest.java INFO  [main] reusablecomponents.Base 52 - Class Instantiated
11-22-2021 13:54:58 CartTest.java INFO  [main] reusablecomponents.Base 55 - Clicked on the product diplayed
11-22-2021 13:54:59 CartTest.java INFO  [main] reusablecomponents.Base 62 - Product added to the wishList
11-22-2021 13:54:59 CartTest.java INFO  [main] reusablecomponents.Base 68 - Product added to the cart
11-22-2021 13:55:01 CartTest.java INFO  [main] reusablecomponents.Base 74 - confirmation
11-22-2021 13:55:01 CartTest.java INFO  [main] reusablecomponents.Base 79 - Displayed txt is:Receive updates on
WhatsApp
Receive updates on
WhatsApp
11-22-2021 13:55:02 CartTest.java INFO  [main] reusablecomponents.Base 84 - Country Code Entered
11-22-2021 13:55:02 CartTest.java INFO  [main] reusablecomponents.Base 88 - Phone Number Entered
11-22-2021 13:55:02 CartTest.java INFO  [main] reusablecomponents.Base 92 - Clicked on submit
11-22-2021 13:55:11 CartTest.java INFO  [main] reusablecomponents.Base 98 - Mail Entered:shubhampan1411@gmail.com
11-22-2021 13:55:11 CartTest.java INFO  [main] reusablecomponents.Base 102 - First Name Entered:Shubham
11-22-2021 13:55:11 CartTest.java INFO  [main] reusablecomponents.Base 106 - Last Name Entered:Pandey
11-22-2021 13:55:11 CartTest.java INFO  [main] reusablecomponents.Base 110 - Address Entered:Sain Vihar
11-22-2021 13:55:12 CartTest.java INFO  [main] reusablecomponents.Base 114 - Landmark Entered:Vijay Nagar
11-22-2021 13:55:12 CartTest.java INFO  [main] reusablecomponents.Base 118 - City Entered:Ghaziabad
11-22-2021 13:55:12 CartTest.java INFO  [main] reusablecomponents.Base 122 - India selected
11-22-2021 13:55:12 CartTest.java INFO  [main] reusablecomponents.Base 126 - State selected
11-22-2021 13:55:13 CartTest.java INFO  [main] reusablecomponents.Base 130 - PIN Code entered:
11-22-2021 13:55:13 CartTest.java INFO  [main] reusablecomponents.Base 134 - Here is a Bug Website is takeing invalid phone Number:
11-22-2021 13:55:20 CartTest.java INFO  [main] reusablecomponents.Base 138 - Clicked on continue
11-22-2021 13:55:20 CartTest.java INFO  [main] reusablecomponents.Base 144 - Payment option Displayd
]]></system-out>
    <system-err><![CDATA[Starting ChromeDriver 96.0.4664.45 (76e4c1bb2ab4671b8beba3444e61c0f17584b2fc-refs/branch-heads/4664@{#947}) on port 60284
Only local connections are allowed.
Please see https://chromedriver.chromium.org/security-considerations for suggestions on keeping ChromeDriver safe.
ChromeDriver was started successfully.
Cleaning up unclosed ZipFile for archive C:\Users\Shubham Pandey\eclipse-workspace\CompreHybrid\testdata\Data.xlsx
Nov 22, 2021 1:54:45 PM org.openqa.selenium.remote.ProtocolHandshake createSession
INFO: Detected dialect: W3C
Nov 22, 2021 1:54:45 PM org.openqa.selenium.devtools.CdpVersionFinder findNearestMatch
WARNING: Unable to find an exact match for CDP version 96, so returning the closest version found: 95
Nov 22, 2021 1:54:45 PM org.openqa.selenium.devtools.CdpVersionFinder findNearestMatch
INFO: Found CDP implementation for version 96 of 95
]]></system-err>
  </testcase>
  <testcase name="CodCheckMethod" classname="com.mindtree.TestPack.CodTest" time="8.913">
    <system-out><![CDATA[11-22-2021 13:55:21 CartTest.java INFO  [main] reusablecomponents.Base 183 - driver closed
chrome
11-22-2021 13:55:24 CodTest.java INFO  [main] reusablecomponents.Base 31 - 
11-22-2021 13:55:32 CodTest.java INFO  [main] reusablecomponents.Base 33 - Gifts Online - Send Unique, Unusual Gifts in India, Buy Gifts– Bigsmall.in
11-22-2021 13:55:32 CodTest.java INFO  [main] reusablecomponents.Base 42 - Class Instantiated
11-22-2021 13:55:36 CodTest.java INFO  [main] reusablecomponents.Base 45 - Clicked on product:
11-22-2021 13:55:37 CodTest.java INFO  [main] reusablecomponents.Base 49 - pincode entered:
COD availability
11-22-2021 13:55:37 CodTest.java INFO  [main] reusablecomponents.Base 56 - Operation done
11-22-2021 13:55:40 CodTest.java INFO  [main] reusablecomponents.Base 60 - Correclty asserted
11-22-2021 13:55:40 CodTest.java INFO  [main] reusablecomponents.Base 61 - COD Status is:Cash on Delivery is available.
COD Status is:Cash on Delivery is available.
]]></system-out>
    <system-err><![CDATA[Starting ChromeDriver 96.0.4664.45 (76e4c1bb2ab4671b8beba3444e61c0f17584b2fc-refs/branch-heads/4664@{#947}) on port 52994
Only local connections are allowed.
Please see https://chromedriver.chromium.org/security-considerations for suggestions on keeping ChromeDriver safe.
ChromeDriver was started successfully.
Nov 22, 2021 1:55:24 PM org.openqa.selenium.remote.ProtocolHandshake createSession
INFO: Detected dialect: W3C
Nov 22, 2021 1:55:24 PM org.openqa.selenium.devtools.CdpVersionFinder findNearestMatch
WARNING: Unable to find an exact match for CDP version 96, so returning the closest version found: 95
Nov 22, 2021 1:55:24 PM org.openqa.selenium.devtools.CdpVersionFinder findNearestMatch
INFO: Found CDP implementation for version 96 of 95
]]></system-err>
  </testcase>
  <testcase name="ContactTestMethod[Shubham Pandey, shubhampan1411@gmail.com, Thankyou for Giving such a good delivery services](1)" classname="com.mindtree.TestPack.ContactTest" time="9.887">
    <system-out><![CDATA[11-22-2021 13:55:41 CodTest.java INFO  [main] reusablecomponents.Base 77 - driver closed
Shubham Pandey
shubhampan1411@gmail.com
Thankyou for Giving such a good delivery services
chrome
11-22-2021 13:55:45 ContactTest.java INFO  [main] reusablecomponents.Base 31 - 
11-22-2021 13:55:53 ContactTest.java INFO  [main] reusablecomponents.Base 33 - Gifts Online - Send Unique, Unusual Gifts in India, Buy Gifts– Bigsmall.in
11-22-2021 13:55:53 ContactTest.java INFO  [main] reusablecomponents.Base 42 - Class Instantiated
11-22-2021 13:55:57 ContactTest.java INFO  [main] reusablecomponents.Base 46 - Clicked on Contact us:
11-22-2021 13:55:57 ContactTest.java INFO  [main] reusablecomponents.Base 51 - Name entered:
11-22-2021 13:55:58 ContactTest.java INFO  [main] reusablecomponents.Base 56 - mail Entered
11-22-2021 13:55:58 ContactTest.java INFO  [main] reusablecomponents.Base 60 - Message Entered
11-22-2021 13:56:02 ContactTest.java INFO  [main] reusablecomponents.Base 66 - submission done
]]></system-out>
    <system-err><![CDATA[Starting ChromeDriver 96.0.4664.45 (76e4c1bb2ab4671b8beba3444e61c0f17584b2fc-refs/branch-heads/4664@{#947}) on port 53466
Only local connections are allowed.
Please see https://chromedriver.chromium.org/security-considerations for suggestions on keeping ChromeDriver safe.
ChromeDriver was started successfully.
Nov 22, 2021 1:55:45 PM org.openqa.selenium.remote.ProtocolHandshake createSession
INFO: Detected dialect: W3C
Nov 22, 2021 1:55:45 PM org.openqa.selenium.devtools.CdpVersionFinder findNearestMatch
WARNING: Unable to find an exact match for CDP version 96, so returning the closest version found: 95
Nov 22, 2021 1:55:45 PM org.openqa.selenium.devtools.CdpVersionFinder findNearestMatch
INFO: Found CDP implementation for version 96 of 95
]]></system-err>
  </testcase>
  <testcase name="CorporateGiftsTestMethod" classname="com.mindtree.TestPack.CorporateGiftsTest" time="10.567">
    <system-out><![CDATA[11-22-2021 13:56:03 ContactTest.java INFO  [main] reusablecomponents.Base 101 - driver closed
chrome
11-22-2021 13:56:06 CorporateGiftsTest.java INFO  [main] reusablecomponents.Base 34 - 
11-22-2021 13:56:14 CorporateGiftsTest.java INFO  [main] reusablecomponents.Base 36 - Gifts Online - Send Unique, Unusual Gifts in India, Buy Gifts– Bigsmall.in
11-22-2021 13:56:14 CorporateGiftsTest.java INFO  [main] reusablecomponents.Base 47 - Class Instantiated
11-22-2021 13:56:18 CorporateGiftsTest.java INFO  [main] reusablecomponents.Base 50 - Clicked on Corporate Gifts
11-22-2021 13:56:19 CorporateGiftsTest.java INFO  [main] reusablecomponents.Base 56 - Name Entered
11-22-2021 13:56:19 CorporateGiftsTest.java INFO  [main] reusablecomponents.Base 60 - Mail Entered
11-22-2021 13:56:19 CorporateGiftsTest.java INFO  [main] reusablecomponents.Base 64 - Here is Bug Because Site is taking invalid Phone Number
11-22-2021 13:56:19 CorporateGiftsTest.java INFO  [main] reusablecomponents.Base 68 - Message Enterd
11-22-2021 13:56:24 CorporateGiftsTest.java INFO  [main] reusablecomponents.Base 72 - Submitted
11-22-2021 13:56:24 CorporateGiftsTest.java INFO  [main] reusablecomponents.Base 77 - Operation done
]]></system-out>
    <system-err><![CDATA[Starting ChromeDriver 96.0.4664.45 (76e4c1bb2ab4671b8beba3444e61c0f17584b2fc-refs/branch-heads/4664@{#947}) on port 62848
Only local connections are allowed.
Please see https://chromedCleaning up unclosed ZipFile for archive C:\Users\Shubham Pandey\eclipse-workspace\CompreHybrid\testdata\Data.xlsx
river.chromium.org/security-considerations for suggestions on keeping ChromeDriver safe.
ChromeDriver was started successfully.
Nov 22, 2021 1:56:06 PM org.openqa.selenium.remote.ProtocolHandshake createSession
INFO: Detected dialect: W3C
Nov 22, 2021 1:56:06 PM org.openqa.selenium.devtools.CdpVersionFinder findNearestMatch
WARNING: Unable to find an exact match for CDP version 96, so returning the closest version found: 95
Nov 22, 2021 1:56:06 PM org.openqa.selenium.devtools.CdpVersionFinder findNearestMatch
INFO: Found CDP implementation for version 96 of 95
]]></system-err>
  </testcase>
  <testcase name="LatestProductTestMethod" classname="com.mindtree.TestPack.LatestProductTest" time="9.599">
    <system-out><![CDATA[11-22-2021 13:56:24 CorporateGiftsTest.java INFO  [main] reusablecomponents.Base 89 - driver closed
chrome
11-22-2021 13:56:28 LatestProductTest.java INFO  [main] reusablecomponents.Base 31 - 
11-22-2021 13:56:35 LatestProductTest.java INFO  [main] reusablecomponents.Base 33 - Gifts Online - Send Unique, Unusual Gifts in India, Buy Gifts– Bigsmall.in
11-22-2021 13:56:35 LatestProductTest.java INFO  [main] reusablecomponents.Base 42 - Class Instantiated
Product availables:48
11-22-2021 13:56:40 LatestProductTest.java INFO  [main] reusablecomponents.Base 50 - Number of Product availables:48
Harry Potter Hedwig Post Cards - Pack of 5
Rs. 299
11-22-2021 13:56:40 LatestProductTest.java INFO  [main] reusablecomponents.Base 56 - Available products:Harry Potter Hedwig Post Cards - Pack of 5
Rs. 299
Cruiser Mechanical Model Kit
Rs. 2,230
11-22-2021 13:56:40 LatestProductTest.java INFO  [main] reusablecomponents.Base 56 - Available products:Cruiser Mechanical Model Kit
Rs. 2,230
Retro Car 3D Mechanical Puzzle
Rs. 5,349
11-22-2021 13:56:40 LatestProductTest.java INFO  [main] reusablecomponents.Base 56 - Available products:Retro Car 3D Mechanical Puzzle
Rs. 5,349
Animal Plush Gel Eye Mask
Rs. 399
11-22-2021 13:56:41 LatestProductTest.java INFO  [main] reusablecomponents.Base 56 - Available products:Animal Plush Gel Eye Mask
Rs. 399
Belaz 75600 3D Mechanical Puzzle
Rs. 6,340
11-22-2021 13:56:41 LatestProductTest.java INFO  [main] reusablecomponents.Base 56 - Available products:Belaz 75600 3D Mechanical Puzzle
Rs. 6,340
Travel Pocket Diary
Rs. 199
11-22-2021 13:56:41 LatestProductTest.java INFO  [main] reusablecomponents.Base 56 - Available products:Travel Pocket Diary
Rs. 199
Little Hearts Greeting Card - Set of 3
Rs. 299
11-22-2021 13:56:41 LatestProductTest.java INFO  [main] reusablecomponents.Base 56 - Available products:Little Hearts Greeting Card - Set of 3
Rs. 299
Sea Shell & Mermaid Desk Organizer
Rs. 899
11-22-2021 13:56:41 LatestProductTest.java INFO  [main] reusablecomponents.Base 56 - Available products:Sea Shell & Mermaid Desk Organizer
Rs. 899
Stainless Steel Bamboo Bottle
Rs. 999
11-22-2021 13:56:41 LatestProductTest.java INFO  [main] reusablecomponents.Base 56 - Available products:Stainless Steel Bamboo Bottle
Rs. 999
Floral Greeting Card - Set of 3 (Assorted Design)
Rs. 299
11-22-2021 13:56:41 LatestProductTest.java INFO  [main] reusablecomponents.Base 56 - Available products:Floral Greeting Card - Set of 3 (Assorted Design)
Rs. 299
Tractor Mechanical Model Kit
Rs. 6,420
11-22-2021 13:56:41 LatestProductTest.java INFO  [main] reusablecomponents.Base 56 - Available products:Tractor Mechanical Model Kit
Rs. 6,420
Trebuchet 3D Mechanical Puzzle
Rs. 3,390
11-22-2021 13:56:41 LatestProductTest.java INFO  [main] reusablecomponents.Base 56 - Available products:Trebuchet 3D Mechanical Puzzle
Rs. 3,390
Dragonfly Fridge Magnet - Set of 2
Rs. 299
11-22-2021 13:56:41 LatestProductTest.java INFO  [main] reusablecomponents.Base 56 - Available products:Dragonfly Fridge Magnet - Set of 2
Rs. 299
Lemon Printed File Organizer
Rs. 499
11-22-2021 13:56:41 LatestProductTest.java INFO  [main] reusablecomponents.Base 56 - Available products:Lemon Printed File Organizer
Rs. 499
Mr. Crocodile Bookmark - Set of 2
Rs. 299
11-22-2021 13:56:41 LatestProductTest.java INFO  [main] reusablecomponents.Base 56 - Available products:Mr. Crocodile Bookmark - Set of 2
Rs. 299
Dreamcatcher Journal
Rs. 399
11-22-2021 13:56:41 LatestProductTest.java INFO  [main] reusablecomponents.Base 56 - Available products:Dreamcatcher Journal
Rs. 399
Cassette Tape Bookmark
Rs. 350
11-22-2021 13:56:41 LatestProductTest.java INFO  [main] reusablecomponents.Base 56 - Available products:Cassette Tape Bookmark
Rs. 350
Artistic Sketch Book
Rs. 599
11-22-2021 13:56:42 LatestProductTest.java INFO  [main] reusablecomponents.Base 56 - Available products:Artistic Sketch Book
Rs. 599
Retro Boombox Bookmark
Rs. 350
11-22-2021 13:56:42 LatestProductTest.java INFO  [main] reusablecomponents.Base 56 - Available products:Retro Boombox Bookmark
Rs. 350
Dachshund Dog Magnets - Set of 6 magnets
1 review
Rs. 299
11-22-2021 13:56:42 LatestProductTest.java INFO  [main] reusablecomponents.Base 56 - Available products:Dachshund Dog Magnets - Set of 6 magnets
1 review
Rs. 299
Kitty Fridge Magnet - Set of 2
Rs. 299
11-22-2021 13:56:42 LatestProductTest.java INFO  [main] reusablecomponents.Base 56 - Available products:Kitty Fridge Magnet - Set of 2
Rs. 299
Robie The Robo Bookmark
Rs. 350
11-22-2021 13:56:42 LatestProductTest.java INFO  [main] reusablecomponents.Base 56 - Available products:Robie The Robo Bookmark
Rs. 350
Batman File Organizer
Rs. 499
11-22-2021 13:56:42 LatestProductTest.java INFO  [main] reusablecomponents.Base 56 - Available products:Batman File Organizer
Rs. 499
Sorting Hat File Keeper
Rs. 499
11-22-2021 13:56:42 LatestProductTest.java INFO  [main] reusablecomponents.Base 56 - Available products:Sorting Hat File Keeper
Rs. 499
Cartoon Superhero Keychain
Rs. 250
11-22-2021 13:56:42 LatestProductTest.java INFO  [main] reusablecomponents.Base 56 - Available products:Cartoon Superhero Keychain
Rs. 250
Nativity Scene Mechanical Model
Rs. 1,240
11-22-2021 13:56:42 LatestProductTest.java INFO  [main] reusablecomponents.Base 56 - Available products:Nativity Scene Mechanical Model
Rs. 1,240
Naruto Chibi Action Figure - Set of 6
Rs. 4,500
11-22-2021 13:56:43 LatestProductTest.java INFO  [main] reusablecomponents.Base 56 - Available products:Naruto Chibi Action Figure - Set of 6
Rs. 4,500
Dice Keeper 3D Puzzle
Rs. 1,330
11-22-2021 13:56:43 LatestProductTest.java INFO  [main] reusablecomponents.Base 56 - Available products:Dice Keeper 3D Puzzle
Rs. 1,330
Friends Bobbleheads
Rs. 899
11-22-2021 13:56:43 LatestProductTest.java INFO  [main] reusablecomponents.Base 56 - Available products:Friends Bobbleheads
Rs. 899
Set of Rails with Crossing Model
Rs. 3,295
11-22-2021 13:56:43 LatestProductTest.java INFO  [main] reusablecomponents.Base 56 - Available products:Set of Rails with Crossing Model
Rs. 3,295
Stagecoach Mechanical Model
Rs. 3,295
11-22-2021 13:56:43 LatestProductTest.java INFO  [main] reusablecomponents.Base 56 - Available products:Stagecoach Mechanical Model
Rs. 3,295
Star & Moon Curtain LED Lights
Rs. 1,099
11-22-2021 13:56:43 LatestProductTest.java INFO  [main] reusablecomponents.Base 56 - Available products:Star & Moon Curtain LED Lights
Rs. 1,099
Handmade Buddha Diary
Rs. 399
11-22-2021 13:56:43 LatestProductTest.java INFO  [main] reusablecomponents.Base 56 - Available products:Handmade Buddha Diary
Rs. 399
3D Angel Wings Mug with Saucer
Rs. 999
11-22-2021 13:56:43 LatestProductTest.java INFO  [main] reusablecomponents.Base 56 - Available products:3D Angel Wings Mug with Saucer
Rs. 999
Batman Planner Tear-Off Pad With Magnet
Rs. 399
11-22-2021 13:56:43 LatestProductTest.java INFO  [main] reusablecomponents.Base 56 - Available products:Batman Planner Tear-Off Pad With Magnet
Rs. 399
3D Wooden Card Holder Model
Rs. 3,650
11-22-2021 13:56:43 LatestProductTest.java INFO  [main] reusablecomponents.Base 56 - Available products:3D Wooden Card Holder Model
Rs. 3,650
Astro To-Do-List With Magnet
Rs. 399
11-22-2021 13:56:43 LatestProductTest.java INFO  [main] reusablecomponents.Base 56 - Available products:Astro To-Do-List With Magnet
Rs. 399
Harry Potter To-Do-List With Magnet
Rs. 399
11-22-2021 13:56:43 LatestProductTest.java INFO  [main] reusablecomponents.Base 56 - Available products:Harry Potter To-Do-List With Magnet
Rs. 399
Antique Box Mechanical Model
Rs. 3,650
11-22-2021 13:56:43 LatestProductTest.java INFO  [main] reusablecomponents.Base 56 - Available products:Antique Box Mechanical Model
Rs. 3,650
Heavy Boy Truck Trailer VM-03 Mechanical Model
Rs. 2,670
11-22-2021 13:56:43 LatestProductTest.java INFO  [main] reusablecomponents.Base 56 - Available products:Heavy Boy Truck Trailer VM-03 Mechanical Model
Rs. 2,670
Shell Pearl Night Light
Rs. 1,299
11-22-2021 13:56:43 LatestProductTest.java INFO  [main] reusablecomponents.Base 56 - Available products:Shell Pearl Night Light
Rs. 1,299
Sunset Projection Lamp
Rs. 899
11-22-2021 13:56:44 LatestProductTest.java INFO  [main] reusablecomponents.Base 56 - Available products:Sunset Projection Lamp
Rs. 899
Rock On Stand
Rs. 1,499
11-22-2021 13:56:44 LatestProductTest.java INFO  [main] reusablecomponents.Base 56 - Available products:Rock On Stand
Rs. 1,499
Glittery Bear Keychain
Rs. 250
11-22-2021 13:56:44 LatestProductTest.java INFO  [main] reusablecomponents.Base 56 - Available products:Glittery Bear Keychain
Rs. 250
Truck UGM-11 Additions Mechanical Model - Set of 3
Rs. 6,330
11-22-2021 13:56:44 LatestProductTest.java INFO  [main] reusablecomponents.Base 56 - Available products:Truck UGM-11 Additions Mechanical Model - Set of 3
Rs. 6,330
Metallic Globe Pendant with Miniature Binoculars
Rs. 399
11-22-2021 13:56:44 LatestProductTest.java INFO  [main] reusablecomponents.Base 56 - Available products:Metallic Globe Pendant with Miniature Binoculars
Rs. 399
8-Piece Entertainment Serving Set
Rs. 2,999
11-22-2021 13:56:44 LatestProductTest.java INFO  [main] reusablecomponents.Base 56 - Available products:8-Piece Entertainment Serving Set
Rs. 2,999
David Beckham Bobblehead
Rs. 599
11-22-2021 13:56:44 LatestProductTest.java INFO  [main] reusablecomponents.Base 56 - Available products:David Beckham Bobblehead
Rs. 599
]]></system-out>
    <system-err><![CDATA[Starting ChromeDriver 96.0.4664.45 (76e4c1bb2ab4671b8beba3444e61c0f17584b2fc-refs/branch-heads/4664@{#947}) on port 61449
Only local connections are allowed.
Please see https://chromedriver.chromium.org/security-considerations for suggestions on keeping ChromeDriver safe.
ChromeDriver was started successfully.
Nov 22, 2021 1:56:28 PM org.openqa.selenium.remote.ProtocolHandshake createSession
INFO: Detected dialect: W3C
Nov 22, 2021 1:56:28 PM org.openqa.selenium.devtools.CdpVersionFinder findNearestMatch
WARNING: Unable to find an exact match for CDP version 96, so returning the closest version found: 95
Nov 22, 2021 1:56:28 PM org.openqa.selenium.devtools.CdpVersionFinder findNearestMatch
INFO: Found CDP implementation for version 96 of 95
]]></system-err>
  </testcase>
  <testcase name="MerchandizeTestMethod" classname="com.mindtree.TestPack.MerchandizeTest" time="12.311">
    <system-out><![CDATA[11-22-2021 13:56:46 LatestProductTest.java INFO  [main] reusablecomponents.Base 70 - driver closed
chrome
11-22-2021 13:56:49 MerchandizeTest.java INFO  [main] reusablecomponents.Base 33 - 
11-22-2021 13:56:56 MerchandizeTest.java INFO  [main] reusablecomponents.Base 35 - Gifts Online - Send Unique, Unusual Gifts in India, Buy Gifts– Bigsmall.in
11-22-2021 13:56:56 MerchandizeTest.java INFO  [main] reusablecomponents.Base 45 - Class Instantiated
11-22-2021 13:56:56 MerchandizeTest.java INFO  [main] reusablecomponents.Base 48 - Hovering over a Dynamaic Dropdown
11-22-2021 13:57:01 MerchandizeTest.java INFO  [main] reusablecomponents.Base 55 - Value Selected in dynamic DropDown
11-22-2021 13:57:01 MerchandizeTest.java INFO  [main] reusablecomponents.Base 57 - Marvel Merchandise - Buy Official Marvel Merchandise Toys Online– Bigsmall.in
11-22-2021 13:57:06 MerchandizeTest.java INFO  [main] reusablecomponents.Base 60 - Value selected in Sort dropdown
Expected Result Found
11-22-2021 13:57:07 MerchandizeTest.java INFO  [main] reusablecomponents.Base 66 - Expected Value Matched
]]></system-out>
    <system-err><![CDATA[Starting ChromeDriver 96.0.4664.45 (76e4c1bb2ab4671b8beba3444e61c0f17584b2fc-refs/branch-heads/4664@{#947}) on port 53435
Only local connections are allowed.
Please see https://chromedriver.chromium.org/security-considerations for suggestions on keeping ChromeDriver safe.
ChromeDriver was started successfully.
Nov 22, 2021 1:56:48 PM org.openqa.selenium.remote.ProtocolHandshake createSession
INFO: Detected dialect: W3C
Nov 22, 2021 1:56:48 PM org.openqa.selenium.devtools.CdpVersionFinder findNearestMatch
WARNING: Unable to find an exact match for CDP version 96, so returning the closest version found: 95
Nov 22, 2021 1:56:48 PM org.openqa.selenium.devtools.CdpVersionFinder findNearestMatch
INFO: Found CDP implementation for version 96 of 95
]]></system-err>
  </testcase>
  <testcase name="HeaderLinkTestMethod" classname="com.mindtree.TestPack.HeaderLinkTest" time="12.243">
    <system-out><![CDATA[11-22-2021 13:57:12 MerchandizeTest.java INFO  [main] reusablecomponents.Base 81 - driver closed
chrome
11-22-2021 13:57:15 HeaderLinkTest.java INFO  [main] reusablecomponents.Base 37 - 
11-22-2021 13:57:22 HeaderLinkTest.java INFO  [main] reusablecomponents.Base 39 - Gifts Online - Send Unique, Unusual Gifts in India, Buy Gifts– Bigsmall.in
11-22-2021 13:57:22 HeaderLinkTest.java INFO  [main] reusablecomponents.Base 52 - Class Instatiated
Number of links present in the page are:99
11-22-2021 13:57:23 HeaderLinkTest.java INFO  [main] reusablecomponents.Base 57 - Number of links present in the page are99
11-22-2021 13:57:24 HeaderLinkTest.java INFO  [main] reusablecomponents.Base 67 - All Links without dropdown are opened
11-22-2021 13:57:24 HeaderLinkTest.java INFO  [main] reusablecomponents.Base 72 - Handling Multiple Windows
11-22-2021 13:57:24 HeaderLinkTest.java INFO  [main] reusablecomponents.Base 80 - Parent Window
11-22-2021 13:57:24 HeaderLinkTest.java INFO  [main] reusablecomponents.Base 82 - Switched to Parent Window
11-22-2021 13:57:24 HeaderLinkTest.java INFO  [main] reusablecomponents.Base 84 - Header Section Displayed
11-22-2021 13:57:24 HeaderLinkTest.java INFO  [main] reusablecomponents.Base 87 - Child Window1
11-22-2021 13:57:24 HeaderLinkTest.java INFO  [main] reusablecomponents.Base 89 - Switched to Child1 Window
11-22-2021 13:57:31 HeaderLinkTest.java INFO  [main] reusablecomponents.Base 93 - Product displayed in Buy Most Popular Gifts Online - The Most Popular Gift Ideas [2021]– Bigsmall.in Child Window
11-22-2021 13:57:31 HeaderLinkTest.java INFO  [main] reusablecomponents.Base 96 - Child Window2
11-22-2021 13:57:31 HeaderLinkTest.java INFO  [main] reusablecomponents.Base 98 - Switched to Child2 Window
11-22-2021 13:57:32 HeaderLinkTest.java INFO  [main] reusablecomponents.Base 102 - Product displayed in Secret Santa Gifts - Secret Santa Gift Ideas– Bigsmall.in Child Window
11-22-2021 13:57:32 HeaderLinkTest.java INFO  [main] reusablecomponents.Base 105 - Child Window3
11-22-2021 13:57:32 HeaderLinkTest.java INFO  [main] reusablecomponents.Base 107 - Switched to Child3 Window
11-22-2021 13:57:33 HeaderLinkTest.java INFO  [main] reusablecomponents.Base 111 - Product displayed in Christmas Gifts Online (2021) - Unique Christmas Gift, Secret Santa Gifts– Bigsmall.in Child Window
11-22-2021 13:57:33 HeaderLinkTest.java INFO  [main] reusablecomponents.Base 114 - Child Window4
11-22-2021 13:57:33 HeaderLinkTest.java INFO  [main] reusablecomponents.Base 116 - Switched to Child4 Window
11-22-2021 13:57:33 HeaderLinkTest.java INFO  [main] reusablecomponents.Base 120 - Product displayed in New Unique Gift Online [2021] - Buy/Send Latest, Quirky Unusual Gifts– Bigsmall.in Child Window
11-22-2021 13:57:33 HeaderLinkTest.java INFO  [main] reusablecomponents.Base 124 - Child Window5
11-22-2021 13:57:33 HeaderLinkTest.java INFO  [main] reusablecomponents.Base 126 - Switched to Child5 Window
11-22-2021 13:57:34 HeaderLinkTest.java INFO  [main] reusablecomponents.Base 130 - Product displayed in Personalized Gifts - Buy Unique Customized Gift Online in India [2021]– Bigsmall.in Child Window
]]></system-out>
    <system-err><![CDATA[Starting ChromeDriver 96.0.4664.45 (76e4c1bb2ab4671b8beba3444e61c0f17584b2fc-refs/branch-heads/4664@{#947}) on port 55375
Only local connections are allowed.
Please see https://chromedriver.chromium.org/security-considerations for suggestions on keeping ChromeDriver safe.
ChromeDriver was started successfully.
Nov 22, 2021 1:57:15 PM org.openqa.selenium.remote.ProtocolHandshake createSession
INFO: Detected dialect: W3C
Nov 22, 2021 1:57:15 PM org.openqa.selenium.devtools.CdpVersionFinder findNearestMatch
WARNING: Unable to find an exact match for CDP version 96, so returning the closest version found: 95
Nov 22, 2021 1:57:15 PM org.openqa.selenium.devtools.CdpVersionFinder findNearestMatch
INFO: Found CDP implementation for version 96 of 95
]]></system-err>
  </testcase>
  <testcase name="GiftCardTestMethod" classname="com.mindtree.TestPack.GiftCardTest" time="8.658">
    <failure message="expected [Shubham] but found [Gift Card]" type="java.lang.AssertionError"><![CDATA[java.lang.AssertionError: expected [Shubham] but found [Gift Card]
	at com.mindtree.TestPack.GiftCardTest.GiftCardTestMethod(GiftCardTest.java:71)
]]></failure>
    <system-out><![CDATA[11-22-2021 13:57:35 HeaderLinkTest.java INFO  [main] reusablecomponents.Base 146 - driver closed
11-22-2021 13:57:36 HeaderLinkTest.java INFO  [main] reusablecomponents.Base 149 - driver quit
chrome
11-22-2021 13:57:39 GiftCardTest.java INFO  [main] reusablecomponents.Base 30 - 
11-22-2021 13:57:47 GiftCardTest.java INFO  [main] reusablecomponents.Base 32 - Gifts Online - Send Unique, Unusual Gifts in India, Buy Gifts– Bigsmall.in
11-22-2021 13:57:47 GiftCardTest.java INFO  [main] reusablecomponents.Base 42 - Class Instantiated
11-22-2021 13:57:52 GiftCardTest.java INFO  [main] reusablecomponents.Base 45 - Clicked on GiftIcon
11-22-2021 13:57:52 GiftCardTest.java INFO  [main] reusablecomponents.Base 48 - Clicked on Price
11-22-2021 13:57:53 GiftCardTest.java INFO  [main] reusablecomponents.Base 54 - Clicked on pluss Button
11-22-2021 13:57:53 GiftCardTest.java INFO  [main] reusablecomponents.Base 57 - Clicked on addcart
11-22-2021 13:57:55 GiftCardTest.java INFO  [main] reusablecomponents.Base 60 - Clicked on continue shoping
Gift Card
11-22-2021 13:57:55 GiftCardTest.java INFO  [main] reusablecomponents.Base 64 - available phrase: Gift Card
11-22-2021 13:57:55 ExtentLogUtilities.java ERROR [main] reusablecomponents.Base 21 - Task Done
]]></system-out>
    <system-err><![CDATA[Starting ChromeDriver 96.0.4664.45 (76e4c1bb2ab4671b8beba3444e61c0f17584b2fc-refs/branch-heads/4664@{#947}) on port 49275
Only local connections are allowed.
Please see https://chromedriver.chromium.org/security-considerations for suggestions on keeping ChromeDriver safe.
ChromeDriver was started successfully.
Nov 22, 2021 1:57:39 PM org.openqa.selenium.remote.ProtocolHandshake createSession
INFO: Detected dialect: W3C
Nov 22, 2021 1:57:39 PM org.openqa.selenium.devtools.CdpVersionFinder findNearestMatch
WARNING: Unable to find an exact match for CDP version 96, so returning the closest version found: 95
Nov 22, 2021 1:57:39 PM org.openqa.selenium.devtools.CdpVersionFinder findNearestMatch
INFO: Found CDP implementation for version 96 of 95
]]></system-err>
  </testcase>
  <testcase name="CheckOfficialMerchant" classname="com.mindtree.TestPack.OfficialMerchantTest" time="15.1">
    <system-out><![CDATA[11-22-2021 13:57:56 GiftCardTest.java INFO  [main] reusablecomponents.Base 85 - driver closed
chrome
11-22-2021 13:57:59 OfficialMerchantTest.java INFO  [main] reusablecomponents.Base 37 - 
11-22-2021 13:58:06 OfficialMerchantTest.java INFO  [main] reusablecomponents.Base 39 - Gifts Online - Send Unique, Unusual Gifts in India, Buy Gifts– Bigsmall.in
11-22-2021 13:58:06 OfficialMerchantTest.java INFO  [main] reusablecomponents.Base 51 - Class Instantiated
11-22-2021 13:58:06 OfficialMerchantTest.java INFO  [main] reusablecomponents.Base 56 - TOtal number of links are:5
11-22-2021 13:58:08 OfficialMerchantTest.java INFO  [main] reusablecomponents.Base 65 - Gifts Online - Send Unique, Unusual Gifts in India, Buy Gifts– Bigsmall.in
11-22-2021 13:58:08 OfficialMerchantTest.java INFO  [main] reusablecomponents.Base 70 - Handling Multiple Windows
11-22-2021 13:58:08 OfficialMerchantTest.java INFO  [main] reusablecomponents.Base 77 - Parent Window
11-22-2021 13:58:08 OfficialMerchantTest.java INFO  [main] reusablecomponents.Base 80 - Parent Window Opened
11-22-2021 13:58:08 OfficialMerchantTest.java INFO  [main] reusablecomponents.Base 82 - Parent window Text Asserted
11-22-2021 13:58:08 OfficialMerchantTest.java INFO  [main] reusablecomponents.Base 85 - Child Window1
11-22-2021 13:58:08 OfficialMerchantTest.java INFO  [main] reusablecomponents.Base 87 - Child1 Window Opened
11-22-2021 13:58:16 OfficialMerchantTest.java INFO  [main] reusablecomponents.Base 93 - Product displayed in Disney Merchandise - Buy Official Disney Merchandise Toys Online[2021]– Bigsmall.in Child Window
11-22-2021 13:58:16 OfficialMerchantTest.java INFO  [main] reusablecomponents.Base 97 - Child Window2
11-22-2021 13:58:16 OfficialMerchantTest.java INFO  [main] reusablecomponents.Base 99 - 2Child Window Opened
11-22-2021 13:58:18 OfficialMerchantTest.java INFO  [main] reusablecomponents.Base 105 - Product displayed in Official Funko POP Merchandise - Gift For Funko Pop Action Figures Fan– Bigsmall.in Child Window
11-22-2021 13:58:18 OfficialMerchantTest.java INFO  [main] reusablecomponents.Base 109 - Child Window3
11-22-2021 13:58:18 OfficialMerchantTest.java INFO  [main] reusablecomponents.Base 111 - 3Child Window Opened
11-22-2021 13:58:20 OfficialMerchantTest.java INFO  [main] reusablecomponents.Base 117 - Product displayed in Marvel Merchandise - Buy Official Marvel Merchandise Toys Online– Bigsmall.in Child Window
11-22-2021 13:58:20 OfficialMerchantTest.java INFO  [main] reusablecomponents.Base 121 - Child Window3
11-22-2021 13:58:20 OfficialMerchantTest.java INFO  [main] reusablecomponents.Base 123 - 4Child Window Opened
11-22-2021 13:58:20 OfficialMerchantTest.java INFO  [main] reusablecomponents.Base 129 - Product displayed in Harry Potter Merchandise - Buy Harry Potter Gifts Online in India– Bigsmall.in Child Window
]]></system-out>
    <system-err><![CDATA[Starting ChromeDriver 96.0.4664.45 (76e4c1bb2ab4671b8beba3444e61c0f17584b2fc-refs/branch-heads/4664@{#947}) on port 53743
Only local connections are allowed.
Please see https://chromedriver.chromium.org/security-considerations for suggestions on keeping ChromeDriver safe.
ChromeDriver was started successfully.
Nov 22, 2021 1:57:59 PM org.openqa.selenium.remote.ProtocolHandshake createSession
INFO: Detected dialect: W3C
Nov 22, 2021 1:57:59 PM org.openqa.selenium.devtools.CdpVersionFinder findNearestMatch
WARNING: Unable to find an exact match for CDP version 96, so returning the closest version found: 95
Nov 22, 2021 1:57:59 PM org.openqa.selenium.devtools.CdpVersionFinder findNearestMatch
INFO: Found CDP implementation for version 96 of 95
]]></system-err>
  </testcase>
</testsuite>