<?xml version="1.0" encoding="UTF-8"?>
<!-- Generated by org.testng.reporters.JUnitReportReporter -->
<testsuite hostname="MT-PG02HEP4" failures="0" tests="1" name="com.mindtree.TestPack.ContactTest" time="17.647" errors="0" timestamp="2021-11-21T04:27:10 IST" skipped="0">
  <testcase classname="com.mindtree.TestPack.ContactTest" name="ContactTestMethod" time="17.647"/>
  <system-out/>
</testsuite> <!-- com.mindtree.TestPack.ContactTest -->
