<?xml version="1.0" encoding="UTF-8"?>
<!-- Generated by org.testng.reporters.JUnitReportReporter -->
<testsuite hostname="MT-PG02HEP4" failures="0" tests="1" name="com.mindtree.TestPack.HeaderLink" time="59.009" errors="0" timestamp="2021-11-20T18:21:30 IST" skipped="0">
  <testcase classname="com.mindtree.TestPack.HeaderLink" name="AccessHeaderLinks" time="59.009"/>
  <system-out/>
</testsuite> <!-- com.mindtree.TestPack.HeaderLink -->
