<?xml version="1.0" encoding="UTF-8"?>
<!-- Generated by org.testng.reporters.JUnitReportReporter -->
<testsuite hostname="MT-PG02HEP4" failures="0" tests="8" name="com.mindtree.TestCases.RunnerClass" time="164.616" errors="0" timestamp="2021-11-17T04:08:41 IST" skipped="0">
  <testcase classname="com.mindtree.TestCases.RunnerClass" name="merchen" time="34.291"/>
  <system-out/>
  <testcase classname="com.mindtree.TestCases.RunnerClass" name="heading" time="19.927"/>
  <system-out/>
  <testcase classname="com.mindtree.TestCases.RunnerClass" name="LoginTest" time="20.577"/>
  <system-out/>
  <testcase classname="com.mindtree.TestCases.RunnerClass" name="merchen1" time="26.603"/>
  <system-out/>
  <testcase classname="com.mindtree.TestCases.RunnerClass" name="merchen2" time="19.823"/>
  <system-out/>
  <testcase classname="com.mindtree.TestCases.RunnerClass" name="merchen4" time="13.746"/>
  <system-out/>
  <testcase classname="com.mindtree.TestCases.RunnerClass" name="Statements" time="18.877"/>
  <system-out/>
  <testcase classname="com.mindtree.TestCases.RunnerClass" name="LatestProd" time="10.772"/>
  <system-out/>
</testsuite> <!-- com.mindtree.TestCases.RunnerClass -->
