<?xml version="1.0" encoding="UTF-8"?>
<!-- Generated by org.testng.reporters.JUnitReportReporter -->
<testsuite hostname="MT-PG02HEP4" failures="0" tests="1" name="com.mindtree.TestPack.MerchandizeTest" time="31.546" errors="0" timestamp="2021-11-21T23:38:08 IST" skipped="0">
  <testcase classname="com.mindtree.TestPack.MerchandizeTest" name="MerchandizeTestMethod" time="31.546"/>
  <system-out/>
</testsuite> <!-- com.mindtree.TestPack.MerchandizeTest -->
