<?xml version="1.0" encoding="UTF-8"?>
<!-- Generated by org.testng.reporters.JUnitReportReporter -->
<testsuite hostname="MT-PG02HEP4" failures="0" tests="1" name="com.mindtree.TestPack.logTask" time="39.437" errors="0" timestamp="2021-11-20T16:13:23 IST" skipped="0">
  <testcase classname="com.mindtree.TestPack.logTask" name="LoginTest" time="39.437"/>
  <system-out/>
</testsuite> <!-- com.mindtree.TestPack.logTask -->
