<?xml version="1.0" encoding="UTF-8"?>
<!-- Generated by org.testng.reporters.JUnitReportReporter -->
<testsuite hostname="MT-PG02HEP4" failures="0" tests="1" name="com.mindtree.TestPack.CodTest" time="21.159" errors="0" timestamp="2021-11-21T04:27:10 IST" skipped="0">
  <testcase classname="com.mindtree.TestPack.CodTest" name="CodCheckMethod" time="21.159"/>
  <system-out/>
</testsuite> <!-- com.mindtree.TestPack.CodTest -->
