<?xml version="1.0" encoding="UTF-8"?>
<!-- Generated by org.testng.reporters.JUnitReportReporter -->
<testsuite hostname="MT-PG02HEP4" failures="0" tests="1" name="com.mindtree.TestPack.CartTest" time="44.217" errors="0" timestamp="2021-11-22T13:53:28 IST" skipped="0">
  <testcase classname="com.mindtree.TestPack.CartTest" name="CartTestMethod" time="44.217"/>
  <system-out/>
</testsuite> <!-- com.mindtree.TestPack.CartTest -->
