<?xml version="1.0" encoding="UTF-8"?>
<!-- Generated by org.testng.reporters.JUnitReportReporter -->
<testsuite hostname="MT-PG02HEP4" failures="0" tests="1" name="com.mindtree.TestPack.AddToCartTest" time="25.266" errors="0" timestamp="2021-11-17T11:43:03 IST" skipped="0">
  <testcase classname="com.mindtree.TestPack.AddToCartTest" name="BlogCheck" time="25.266"/>
  <system-out/>
</testsuite> <!-- com.mindtree.TestPack.AddToCartTest -->
