<?xml version="1.0" encoding="UTF-8"?>
<!-- Generated by org.testng.reporters.JUnitReportReporter -->
<testsuite hostname="MT-PG02HEP4" failures="0" tests="1" name="com.mindtree.TestPack.TextValidationTest" time="0.000" errors="0" timestamp="2021-11-17T05:52:48 IST" skipped="1">
  <testcase classname="com.mindtree.TestPack.TextValidationTest" name="ValidatingText" time="0.000">
    <skipped/>
  </testcase> <!-- ValidatingText -->
  <system-out/>
</testsuite> <!-- com.mindtree.TestPack.TextValidationTest -->
