<?xml version="1.0" encoding="UTF-8"?>
<!-- Generated by org.testng.reporters.JUnitReportReporter -->
<testsuite hostname="MT-PG02HEP4" failures="0" tests="1" name="com.mindtree.TestPack.CorporateGiftsTest" time="21.713" errors="0" timestamp="2021-11-22T13:58:23 IST" skipped="0">
  <testcase classname="com.mindtree.TestPack.CorporateGiftsTest" name="CorporateGiftsTestMethod" time="21.713"/>
  <system-out/>
</testsuite> <!-- com.mindtree.TestPack.CorporateGiftsTest -->
