<?xml version="1.0" encoding="UTF-8"?>
<!-- Generated by org.testng.reporters.JUnitReportReporter -->
<testsuite hostname="MT-PG02HEP4" failures="0" tests="1" name="com.mindtree.TestPack.ContactTest" time="21.141" errors="0" timestamp="2021-11-22T13:58:23 IST" skipped="0">
  <testcase classname="com.mindtree.TestPack.ContactTest" name="ContactTestMethod" time="21.141"/>
  <system-out/>
</testsuite> <!-- com.mindtree.TestPack.ContactTest -->
